make all --print-data-base --no-builtin-variables --no-builtin-rules --question
# GNU Make 3.81
# Copyright (C) 2006  Free Software Foundation, Inc.
# This is free software; see the source for copying conditions.
# There is NO warranty; not even for MERCHANTABILITY or FITNESS FOR A
# PARTICULAR PURPOSE.

# This program built for i386-apple-darwin11.3.0
 
make: *** No rule to make target `all'.  Stop.


# Make data base, printed on Tue Mar 28 15:42:47 2023

# Variables

# automatic
<D = $(patsubst %/,%,$(dir $<))
# automatic
?F = $(notdir $?)
# environment
ELECTRON_NO_ATTACH_CONSOLE = 1
# environment
VSCODE_CRASH_REPORTER_PROCESS_TYPE = extensionHost
# automatic
?D = $(patsubst %/,%,$(dir $?))
# automatic
@D = $(patsubst %/,%,$(dir $@))
# automatic
@F = $(notdir $@)
# makefile
CURDIR := /Users/ricardo.fahham/Documents/projetos/teste-make
# makefile
SHELL = /bin/sh
# environment
VSCODE_NLS_CONFIG = {"locale":"pt-br","availableLanguages":{},"_languagePackSupport":true}
# environment
_ = /usr/bin/make
# makefile (from `Makefile', line 1)
MAKEFILE_LIST :=  Makefile
# environment
__CFBundleIdentifier = com.microsoft.VSCode
# environment
VSCODE_CWD = /Users/ricardo.fahham/Documents/projetos/teste-make
# environment
PATH = /Users/ricardo.fahham/.docker/bin:/usr/local/bin:/usr/bin:/bin:/usr/sbin:/sbin:/usr/local/go/bin:/Library/Apple/usr/bin
# makefile (from `Makefile', line 4)
COLOR_GREEN = \033[32m
# environment
LSCOLORS = Gxfxcxdxbxegedabagacad
# makefile (from `Makefile', line 7)
PROJECT := Lista de Comandos
# environment
LaunchInstanceID = 8754CDE4-7EAA-4648-9146-EEB8BCA7BD49
# environment
ELECTRON_RUN_AS_NODE = 1
# default
.FEATURES := target-specific order-only second-expansion else-if archives jobserver check-symlink
# environment
LS_COLORS = di=1;36:ln=35:so=32:pi=33:ex=31:bd=34;46:cd=34;43:su=30;41:sg=30;46:tw=30;42:ow=30;43
# environment
SSH_AUTH_SOCK = /private/tmp/com.apple.launchd.3ck0E0uj7K/Listeners
# automatic
%F = $(notdir $%)
# makefile (from `Makefile', line 5)
COLOR_RED = \033[31m
# environment
PWD = /Users/ricardo.fahham/Documents/projetos/teste-make
# makefile (from `Makefile', line 1)
COLOR_RESET = \033[0m
# environment
ORIGINAL_XDG_CURRENT_DESKTOP = undefined
# environment
VSCODE_AMD_ENTRYPOINT = vs/workbench/api/node/extensionHostProcess
# environment
HOME = /Users/ricardo.fahham
# default
MAKEFILEPATH := /Applications/Xcode.app/Contents/Developer/Makefiles
# environment
VSCODE_CLI = 1
# environment
VSCODE_CODE_CACHE_PATH = /Users/ricardo.fahham/Library/Application Support/Code/CachedData/ee2b180d582a7f601fa6ecfdad8d9fd269ab1884
# environment
LOGNAME = ricardo.fahham
# environment
APPLICATION_INSIGHTS_NO_DIAGNOSTIC_CHANNEL = 1
# environment
ZSH = /Users/ricardo.fahham/.oh-my-zsh
# environment
VSCODE_HANDLES_UNCAUGHT_ERRORS = true
# automatic
^D = $(patsubst %/,%,$(dir $^))
# makefile (from `Makefile', line 3)
COLOR_YELLOW = \033[33m
# environment
XPC_FLAGS = 0x0
# environment
COLORTERM = truecolor
# default
MAKE = $(MAKE_COMMAND)
# environment
LC_TERMINAL = iTerm2
# environment
SHLVL = 3
# environment
VSCODE_CRASH_REPORTER_SANDBOXED_HINT = 1
# default
MAKE_VERSION := 3.81
# environment
USER = ricardo.fahham
# makefile
.DEFAULT_GOAL := say_hello_1
# default
MAKECMDGOALS := all
# environment
TERM_SESSION_ID = w0t0p3:59E4D4CF-7087-4D64-9130-BAA93028608A
# environment
LESS = -R
# automatic
%D = $(patsubst %/,%,$(dir $%))
# default
MAKE_COMMAND := /Applications/Xcode.app/Contents/Developer/usr/bin/make
# environment
TERM_PROGRAM = iTerm.app
# default
.VARIABLES := 
# environment
TMPDIR = /var/folders/6g/27hthrf97rnbmh5zbwwk4gr40000gp/T/
# automatic
*F = $(notdir $*)
# environment
VSCODE_IPC_HOOK = /Users/ricardo.fahham/Library/Application Support/Code/1.76-main.sock
# environment
MallocNanoZone = 0
# makefile
MAKEFLAGS = Rrqp
# environment
MFLAGS = -Rrqp
# automatic
*D = $(patsubst %/,%,$(dir $*))
# environment
TERM_PROGRAM_VERSION = 3.4.19
# environment
XPC_SERVICE_NAME = application.com.microsoft.VSCode.414602157.414602163.4B2D1BFB-30CA-4AB2-B046-D825B47DBC37
# environment
LC_TERMINAL_VERSION = 3.4.19
# automatic
+D = $(patsubst %/,%,$(dir $+))
# automatic
+F = $(notdir $+)
# environment
ITERM_SESSION_ID = w0t0p3:59E4D4CF-7087-4D64-9130-BAA93028608A
# makefile (from `Makefile', line 2)
COLOR_BLUE = \033[36m
# environment
COLORFGBG = 7;0
# environment
__CF_USER_TEXT_ENCODING = 0x1F6:0x0:0x47
# environment
COMMAND_MODE = unix2003
# default
MAKEFILES := 
# automatic
<F = $(notdir $<)
# environment
ITERM_PROFILE = Default
# environment
PAGER = less
# environment
LC_ALL = C
# environment
SECURITYSESSIONID = 186a4
# automatic
^F = $(notdir $^)
# default
SUFFIXES := 
# default
.INCLUDE_DIRS = /usr/local/include
# environment
MAKELEVEL := 0
# environment
LANG = C
# environment
TERM = xterm-256color
# environment
VSCODE_PID = 869
# variable set hash-table stats:
# Load=85/1024=8%, Rehash=0, Collisions=5/109=5%

# Pattern-specific Variable Values

# No pattern-specific variable values.

# Directories

# . (device 16777225, inode 354437735): 4 files, no impossibilities.

# 4 files, no impossibilities in 1 directories.

# Implicit Rules

# No implicit rules.

# Files

# Not a target:
all:
#  Command-line target.
#  Implicit rule search has been done.
#  File does not exist.
#  File has not been updated.
# variable set hash-table stats:
# Load=0/32=0%, Rehash=0, Collisions=0/0=0%

say_hello_2:
#  Implicit rule search has not been done.
#  Modification time never checked.
#  File has not been updated.
#  commands to execute (from `Makefile', line 17):
	@echo "Hello World 2"
	

# Not a target:
.SUFFIXES:
#  Implicit rule search has not been done.
#  Modification time never checked.
#  File has not been updated.

# Not a target:
Makefile:
#  Implicit rule search has been done.
#  Last modified 2022-11-13 13:15:44
#  File has been updated.
#  Successfully updated.
# variable set hash-table stats:
# Load=0/32=0%, Rehash=0, Collisions=0/0=0%

remove:
#  Implicit rule search has not been done.
#  Modification time never checked.
#  File has not been updated.
#  commands to execute (from `Makefile', line 30):
	@echo "Cleaning up..."
	rm *.txt
	

caminho:
#  Implicit rule search has not been done.
#  Modification time never checked.
#  File has not been updated.
#  commands to execute (from `Makefile', line 35):
	pwd
	

create:
#  Implicit rule search has not been done.
#  Modification time never checked.
#  File has not been updated.
#  commands to execute (from `Makefile', line 25):
	@echo "Creating empty text files..."
	touch file-{1..10}.txt
	

help:
#  Implicit rule search has not been done.
#  Modification time never checked.
#  File has not been updated.
#  commands to execute (from `Makefile', line 42):
	@echo "\n${COLOR_YELLOW}${PROJECT}\n-----------------\n${COLOR_RESET}"
	@awk '/^[a-zA-Z\-\_0-9\.%]+:/ { \
	helpMessage = match(lastLine, /^## (.*)/); \
	if (helpMessage) { \
	helpCommand = substr($$1, 0, index($$1, ":")); \
	helpMessage = substr(lastLine, RSTART + 3, RLENGTH); \
	printf "${COLOR_BLUE}$$ make %s${COLOR_RESET} %s\n", helpCommand, helpMessage; \
	} \
	} \
	{ lastLine = $$0 }' $(MAKEFILE_LIST) | sort
	@printf "\n"
	

say_hello_3:
#  Implicit rule search has not been done.
#  Modification time never checked.
#  File has not been updated.
#  commands to execute (from `Makefile', line 21):
	@echo "Hello World 3"
	

color:
#  Implicit rule search has not been done.
#  Modification time never checked.
#  File has not been updated.
#  commands to execute (from `Makefile', line 38):
	@echo "\n${COLOR_YELLOW}${PROJECT}\n------------\n${COLOR_RESET}"
	

# Not a target:
.DEFAULT:
#  Implicit rule search has not been done.
#  Modification time never checked.
#  File has not been updated.

say_hello_1:
#  Implicit rule search has not been done.
#  Modification time never checked.
#  File has not been updated.
#  commands to execute (from `Makefile', line 13):
	@echo "Hello World 1"
	

# files hash-table stats:
# Load=12/1024=1%, Rehash=0, Collisions=0/24=0%
# VPATH Search Paths

# No `vpath' search paths.

# No general (`VPATH' variable) search path.

# # of strings in strcache: 1
# # of strcache buffers: 1
# strcache size: total = 4096 / max = 4096 / min = 4096 / avg = 4096
# strcache free: total = 4087 / max = 4087 / min = 4087 / avg = 4087

# Finished Make data base on Tue Mar 28 15:42:47 2023

 
